c:\users\yeonjun jung\desktop\web\cppprimer\project1\debug\vc142.pdb
c:\users\yeonjun jung\desktop\web\cppprimer\project1\debug\vc142.idb
c:\users\yeonjun jung\desktop\web\cppprimer\project1\debug\소스2.obj
c:\users\yeonjun jung\desktop\web\cppprimer\project1\debug\소스.obj
c:\users\yeonjun jung\desktop\web\cppprimer\project1\debug\project1.pdb
c:\users\yeonjun jung\desktop\web\cppprimer\project1\debug\project3.pdb
c:\users\yeonjun jung\desktop\web\cppprimer\project1\debug\project4.pdb
c:\users\yeonjun jung\desktop\web\cppprimer\project1\debug\project5.pdb
c:\users\yeonjun jung\desktop\web\cppprimer\project1\debug\project6.pdb
c:\users\yeonjun jung\desktop\web\cppprimer\project1\debug\project7.pdb
c:\users\yeonjun jung\desktop\web\cppprimer\project1\debug\project1.tlog\cl.command.1.tlog
c:\users\yeonjun jung\desktop\web\cppprimer\project1\debug\project1.tlog\cl.read.1.tlog
c:\users\yeonjun jung\desktop\web\cppprimer\project1\debug\project1.tlog\cl.write.1.tlog
c:\users\yeonjun jung\desktop\web\cppprimer\project1\debug\project1.tlog\link-cvtres.read.1.tlog
c:\users\yeonjun jung\desktop\web\cppprimer\project1\debug\project1.tlog\link-cvtres.write.1.tlog
c:\users\yeonjun jung\desktop\web\cppprimer\project1\debug\project1.tlog\link-rc.read.1.tlog
c:\users\yeonjun jung\desktop\web\cppprimer\project1\debug\project1.tlog\link-rc.write.1.tlog
c:\users\yeonjun jung\desktop\web\cppprimer\project1\debug\project1.tlog\link.command.1.tlog
c:\users\yeonjun jung\desktop\web\cppprimer\project1\debug\project1.tlog\link.read.1.tlog
c:\users\yeonjun jung\desktop\web\cppprimer\project1\debug\project1.tlog\link.write.1.tlog
